\BOOKMARK [0][-]{chapter*.2}{\376\377\000R\000e\000s\000u\000m\000e\000n}{}% 1
\BOOKMARK [0][-]{chapter*.6}{\376\377\000I\000n\000t\000r\000o\000d\000u\000c\000c\000i\000\363\000n}{}% 2
\BOOKMARK [0][-]{chapter.1}{\376\377\000O\000b\000j\000e\000t\000o\000\040\000d\000e\000\040\000l\000a\000\040\000i\000n\000v\000e\000s\000t\000i\000g\000a\000c\000i\000\363\000n}{}% 3
\BOOKMARK [1][-]{section.1.1}{\376\377\000P\000l\000a\000n\000t\000e\000a\000m\000i\000e\000n\000t\000o\000\040\000d\000e\000l\000\040\000p\000r\000o\000b\000l\000e\000m\000a}{chapter.1}% 4
\BOOKMARK [1][-]{section.1.2}{\376\377\000J\000u\000s\000t\000i\000f\000i\000c\000a\000c\000i\000\363\000n}{chapter.1}% 5
\BOOKMARK [1][-]{section.1.3}{\376\377\000O\000b\000j\000e\000t\000i\000v\000o\000s}{chapter.1}% 6
\BOOKMARK [2][-]{subsection.1.3.1}{\376\377\000O\000b\000j\000e\000t\000i\000v\000o\000\040\000g\000e\000n\000e\000r\000a\000l}{section.1.3}% 7
\BOOKMARK [2][-]{subsection.1.3.2}{\376\377\000O\000b\000j\000e\000t\000i\000v\000o\000s\000\040\000e\000s\000p\000e\000c\000\355\000f\000i\000c\000o\000s}{section.1.3}% 8
\BOOKMARK [1][-]{section.1.4}{\376\377\000H\000i\000p\000\363\000t\000e\000s\000i\000s\000\040\000y\000\040\000p\000r\000e\000g\000u\000n\000t\000a\000s\000\040\000d\000e\000\040\000i\000n\000v\000e\000s\000t\000i\000g\000a\000c\000i\000\363\000n}{chapter.1}% 9
\BOOKMARK [2][-]{subsection.1.4.1}{\376\377\000H\000i\000p\000\363\000t\000e\000s\000i\000s}{section.1.4}% 10
\BOOKMARK [2][-]{subsection.1.4.2}{\376\377\000P\000r\000e\000g\000u\000n\000t\000a\000s\000\040\000d\000e\000\040\000i\000n\000v\000e\000s\000t\000i\000g\000a\000c\000i\000\363\000n}{section.1.4}% 11
\BOOKMARK [0][-]{chapter.2}{\376\377\000M\000a\000r\000c\000o\000\040\000T\000e\000\363\000r\000i\000c\000o\000:\000\040\000\301\000l\000g\000e\000b\000r\000a\000\040\000l\000i\000n\000e\000a\000l\000\040\000y\000\040\000m\000\351\000t\000o\000d\000o\000s\000\040\000d\000e\000\040\000f\000a\000c\000t\000o\000r\000i\000z\000a\000c\000i\000\363\000n\000\040\000m\000a\000t\000r\000i\000c\000i\000a\000l}{}% 12
\BOOKMARK [1][-]{section.2.1}{\376\377\000\301\000l\000g\000e\000b\000r\000a\000\040\000l\000i\000n\000e\000a\000l}{chapter.2}% 13
\BOOKMARK [2][-]{subsection.2.1.1}{\376\377\000M\000a\000t\000r\000i\000c\000e\000s}{section.2.1}% 14
\BOOKMARK [2][-]{subsection.2.1.2}{\376\377\000D\000e\000t\000e\000r\000m\000i\000n\000a\000n\000t\000e\000s}{section.2.1}% 15
\BOOKMARK [2][-]{subsection.2.1.3}{\376\377\000S\000i\000s\000t\000e\000m\000a\000s\000\040\000d\000e\000\040\000e\000c\000u\000a\000c\000i\000o\000n\000e\000s\000\040\000l\000i\000n\000e\000a\000l\000e\000s}{section.2.1}% 16
\BOOKMARK [1][-]{section.2.2}{\376\377\000M\000\351\000t\000o\000d\000o\000s\000\040\000d\000e\000\040\000F\000a\000c\000t\000o\000r\000i\000z\000a\000c\000i\000\363\000n\000\040\000M\000a\000t\000r\000i\000c\000i\000a\000l}{chapter.2}% 17
\BOOKMARK [2][-]{subsection.2.2.1}{\376\377\000I\000n\000t\000r\000o\000d\000u\000c\000c\000i\000\363\000n}{section.2.2}% 18
\BOOKMARK [2][-]{subsection.2.2.2}{\376\377\000F\000a\000c\000t\000o\000r\000i\000z\000a\000c\000i\000\363\000n\000\040\000L\000U}{section.2.2}% 19
\BOOKMARK [2][-]{subsection.2.2.3}{\376\377\000V\000a\000r\000i\000a\000n\000t\000e\000s\000\040\000d\000e\000\040\000l\000a\000\040\000f\000a\000c\000t\000o\000r\000i\000z\000a\000c\000i\000\363\000n\000\040\000L\000U}{section.2.2}% 20
\BOOKMARK [2][-]{subsection.2.2.4}{\376\377\000R\000e\000l\000e\000v\000a\000n\000c\000i\000a\000\040\000p\000e\000d\000a\000g\000\363\000g\000i\000c\000a\000\040\000d\000e\000\040\000l\000a\000\040\000f\000a\000c\000t\000o\000r\000i\000z\000a\000c\000i\000\363\000n\000\040\000L\000U}{section.2.2}% 21
\BOOKMARK [2][-]{subsection.2.2.5}{\376\377\000C\000o\000n\000s\000i\000d\000e\000r\000a\000c\000i\000o\000n\000e\000s\000\040\000n\000u\000m\000\351\000r\000i\000c\000a\000s\000\040\000y\000\040\000e\000s\000t\000r\000a\000t\000e\000g\000i\000a\000s\000\040\000d\000e\000\040\000p\000i\000v\000o\000t\000e\000o}{section.2.2}% 22
\BOOKMARK [2][-]{subsection.2.2.6}{\376\377\000E\000s\000p\000e\000c\000i\000f\000i\000c\000a\000c\000i\000o\000n\000e\000s\000\040\000d\000e\000l\000\040\000p\000r\000o\000g\000r\000a\000m\000a\000\040\000i\000n\000t\000e\000r\000a\000c\000t\000i\000v\000o}{section.2.2}% 23
\BOOKMARK [1][-]{section.2.3}{\376\377\000N\000o\000m\000b\000r\000e\000\040\000d\000e\000\040\000l\000a\000\040\000s\000e\000c\000c\000i\000\363\000n}{chapter.2}% 24
\BOOKMARK [1][-]{section.2.4}{\376\377\000E\000j\000e\000m\000p\000l\000o\000\040\000p\000a\000r\000a\000\040\000r\000e\000f\000e\000r\000e\000n\000c\000i\000a\000r\000\040\000f\000i\000g\000u\000r\000a\000s\000\040\000y\000\040\000t\000a\000b\000l\000a\000s}{chapter.2}% 25
\BOOKMARK [1][-]{section.2.5}{\376\377\000C\000\363\000m\000o\000\040\000c\000i\000t\000a\000r}{chapter.2}% 26
\BOOKMARK [2][-]{subsection.2.5.1}{\376\377\000a\000p\000a\000c\000i\000t\000e}{section.2.5}% 27
\BOOKMARK [2][-]{subsection.2.5.2}{\376\377\000C\000i\000t\000a\000s\000\040\000t\000e\000x\000t\000u\000a\000l\000e\000s}{section.2.5}% 28
\BOOKMARK [2][-]{subsection.2.5.3}{\376\377\000C\000i\000t\000a\000s\000\040\000p\000a\000r\000a\000f\000r\000a\000s\000e\000a\000d\000a\000s}{section.2.5}% 29
\BOOKMARK [0][-]{chapter.3}{\376\377\000N\000o\000m\000b\000r\000e\000\040\000d\000e\000l\000\040\000C\000a\000p\000\355\000t\000u\000l\000o\000\040\0003\000\040\000\050\000M\000e\000t\000o\000d\000o\000l\000o\000g\000\355\000a\000\051}{}% 30
\BOOKMARK [1][-]{section.3.1}{\376\377\000N\000o\000m\000b\000r\000e\000\040\000d\000e\000\040\000l\000a\000\040\000S\000e\000c\000c\000i\000\363\000n}{chapter.3}% 31
\BOOKMARK [0][-]{chapter.4}{\376\377\000N\000o\000m\000b\000r\000e\000\040\000d\000e\000l\000\040\000c\000a\000p\000\355\000t\000u\000l\000o\000\040\0004\000\040\000\050\000D\000e\000s\000a\000r\000r\000o\000l\000l\000o\000\051}{}% 32
\BOOKMARK [1][-]{section.4.1}{\376\377\000N\000o\000m\000b\000r\000e\000\040\000d\000e\000\040\000l\000a\000\040\000S\000e\000c\000c\000i\000\363\000n\000\040\000A}{chapter.4}% 33
\BOOKMARK [1][-]{section.4.2}{\376\377\000N\000o\000m\000b\000r\000e\000\040\000d\000e\000\040\000l\000a\000\040\000s\000e\000c\000c\000i\000\363\000n\000\040\000B}{chapter.4}% 34
\BOOKMARK [0][-]{chapter*.14}{\376\377\000A\000n\000\341\000l\000i\000s\000i\000s\000\040\000e\000\040\000i\000n\000t\000e\000r\000p\000r\000e\000t\000a\000c\000i\000\363\000n\000\040\000d\000e\000\040\000r\000e\000s\000u\000l\000t\000a\000d\000o\000s}{}% 35
\BOOKMARK [0][-]{chapter*.15}{\376\377\000C\000o\000n\000c\000l\000u\000s\000i\000o\000n\000e\000s\000\040\000y\000\040\000t\000r\000a\000b\000a\000j\000o\000s\000\040\000f\000u\000t\000u\000r\000o\000s}{}% 36
\BOOKMARK [0][-]{chapter*.16}{\376\377\000R\000e\000c\000o\000m\000e\000n\000d\000a\000c\000i\000o\000n\000e\000s\000\040\000\050\000O\000p\000c\000i\000o\000n\000a\000l\000\051}{}% 37
\BOOKMARK [0][-]{chapter*.17}{\376\377\000A\000b\000r\000e\000v\000i\000a\000t\000u\000r\000a\000s}{}% 38
\BOOKMARK [0][-]{appendix*.18}{\376\377\000A\000p\000\351\000n\000d\000i\000c\000e\000\040\000\050\000O\000p\000c\000i\000o\000n\000a\000l\000\051}{}% 39
