\BOOKMARK [0][-]{chapter.1}{Objeto de la investigaci\363n}{}% 1
\BOOKMARK [1][-]{section.1.1}{Planteamiento del problema}{chapter.1}% 2
\BOOKMARK [1][-]{section.1.2}{Justificaci\363n}{chapter.1}% 3
\BOOKMARK [1][-]{section.1.3}{Objetivos}{chapter.1}% 4
\BOOKMARK [2][-]{subsection.1.3.1}{Objetivo general}{section.1.3}% 5
\BOOKMARK [2][-]{subsection.1.3.2}{Objetivos espec\355ficos}{section.1.3}% 6
\BOOKMARK [1][-]{section.1.4}{Hip\363tesis y preguntas de investigaci\363n}{chapter.1}% 7
\BOOKMARK [2][-]{subsection.1.4.1}{Hip\363tesis}{section.1.4}% 8
\BOOKMARK [2][-]{subsection.1.4.2}{Preguntas de investigaci\363n}{section.1.4}% 9
\BOOKMARK [0][-]{chapter.2}{Marco Te\363rico: \301lgebra lineal y m\351todos de factorizaci\363n matricial}{}% 10
\BOOKMARK [1][-]{section.2.1}{\301lgebra lineal}{chapter.2}% 11
\BOOKMARK [2][-]{subsection.2.1.1}{Matrices}{section.2.1}% 12
\BOOKMARK [2][-]{subsection.2.1.2}{Determinantes}{section.2.1}% 13
\BOOKMARK [2][-]{subsection.2.1.3}{Sistemas de ecuaciones lineales}{section.2.1}% 14
\BOOKMARK [1][-]{section.2.2}{M\351todos de Factorizaci\363n Matricial}{chapter.2}% 15
\BOOKMARK [2][-]{subsection.2.2.1}{Introducci\363n}{section.2.2}% 16
\BOOKMARK [2][-]{subsection.2.2.2}{Factorizaci\363n LU}{section.2.2}% 17
\BOOKMARK [2][-]{subsection.2.2.3}{Variantes de la factorizaci\363n LU}{section.2.2}% 18
\BOOKMARK [2][-]{subsection.2.2.4}{Relevancia pedag\363gica de la factorizaci\363n LU}{section.2.2}% 19
\BOOKMARK [2][-]{subsection.2.2.5}{Consideraciones num\351ricas y estrategias de pivoteo}{section.2.2}% 20
\BOOKMARK [2][-]{subsection.2.2.6}{Especificaciones del programa interactivo}{section.2.2}% 21
\BOOKMARK [1][-]{section.2.3}{Nombre de la secci\363n}{chapter.2}% 22
\BOOKMARK [1][-]{section.2.4}{Ejemplo para referenciar figuras y tablas}{chapter.2}% 23
\BOOKMARK [1][-]{section.2.5}{C\363mo citar}{chapter.2}% 24
\BOOKMARK [2][-]{subsection.2.5.1}{apacite}{section.2.5}% 25
\BOOKMARK [2][-]{subsection.2.5.2}{Citas textuales}{section.2.5}% 26
\BOOKMARK [2][-]{subsection.2.5.3}{Citas parafraseadas}{section.2.5}% 27
